android/proguard/seeds.txt
com.google.api.client.auth.oauth2.MemoryPersistedCredential
com.google.api.client.auth.oauth2.RefreshTokenRequest
com.google.api.client.auth.oauth2.RefreshTokenRequest: java.lang.String refreshToken
com.google.api.client.auth.oauth2.TokenErrorResponse
com.google.api.client.auth.oauth2.TokenErrorResponse: java.lang.String error
com.google.api.client.auth.oauth2.TokenErrorResponse: java.lang.String errorDescription
com.google.api.client.auth.oauth2.TokenErrorResponse: java.lang.String errorUri
com.google.api.client.auth.oauth2.TokenRequest
com.google.api.client.auth.oauth2.TokenRequest: java.lang.String scopes
com.google.api.client.auth.oauth2.TokenRequest: java.lang.String grantType
com.google.api.client.auth.oauth2.TokenRequest$1
com.google.api.client.auth.oauth2.TokenRequest$1$1
com.google.api.client.auth.oauth2.TokenResponse
com.google.api.client.auth.oauth2.TokenResponse: java.lang.String accessToken
com.google.api.client.auth.oauth2.TokenResponse: java.lang.String tokenType
com.google.api.client.auth.oauth2.TokenResponse: java.lang.Long expiresInSeconds
com.google.api.client.auth.oauth2.TokenResponse: java.lang.String refreshToken
com.google.api.client.auth.oauth2.TokenResponse: java.lang.String scope
com.google.api.client.auth.oauth2.TokenResponseException
com.google.api.client.auth.oauth2.draft10.AccessProtectedResource
com.google.api.client.auth.oauth2.draft10.AccessProtectedResource$1
com.google.api.client.auth.oauth2.draft10.AccessProtectedResource$Method
com.google.api.client.auth.oauth2.draft10.AccessProtectedResource$Method: com.google.api.client.auth.oauth2.draft10.AccessProtectedResource$Method[] values()
com.google.api.client.auth.oauth2.draft10.AccessProtectedResource$Method: com.google.api.client.auth.oauth2.draft10.AccessProtectedResource$Method valueOf(java.lang.String)
com.google.api.client.auth.oauth2.draft10.AccessTokenErrorResponse
com.google.api.client.auth.oauth2.draft10.AccessTokenErrorResponse: java.lang.String error
com.google.api.client.auth.oauth2.draft10.AccessTokenErrorResponse: java.lang.String errorDescription
com.google.api.client.auth.oauth2.draft10.AccessTokenErrorResponse: java.lang.String errorUri
com.google.api.client.auth.oauth2.draft10.AccessTokenErrorResponse$KnownError
com.google.api.client.auth.oauth2.draft10.AccessTokenErrorResponse$KnownError: com.google.api.client.auth.oauth2.draft10.AccessTokenErrorResponse$KnownError[] values()
com.google.api.client.auth.oauth2.draft10.AccessTokenErrorResponse$KnownError: com.google.api.client.auth.oauth2.draft10.AccessTokenErrorResponse$KnownError valueOf(java.lang.String)
com.google.api.client.auth.oauth2.draft10.AccessTokenRequest
com.google.api.client.auth.oauth2.draft10.AccessTokenRequest: com.google.api.client.auth.oauth2.draft10.AccessTokenRequest$GrantType grantType
com.google.api.client.auth.oauth2.draft10.AccessTokenRequest: java.lang.String clientId
com.google.api.client.auth.oauth2.draft10.AccessTokenRequest: java.lang.String scope
com.google.api.client.auth.oauth2.draft10.AccessTokenRequest$AssertionGrant
com.google.api.client.auth.oauth2.draft10.AccessTokenRequest$AssertionGrant: java.lang.String assertionType
com.google.api.client.auth.oauth2.draft10.AccessTokenRequest$AssertionGrant: java.lang.String assertion
com.google.api.client.auth.oauth2.draft10.AccessTokenRequest$AuthorizationCodeGrant
com.google.api.client.auth.oauth2.draft10.AccessTokenRequest$AuthorizationCodeGrant: java.lang.String code
com.google.api.client.auth.oauth2.draft10.AccessTokenRequest$AuthorizationCodeGrant: java.lang.String redirectUri
com.google.api.client.auth.oauth2.draft10.AccessTokenRequest$GrantType
com.google.api.client.auth.oauth2.draft10.AccessTokenRequest$GrantType: com.google.api.client.auth.oauth2.draft10.AccessTokenRequest$GrantType[] values()
com.google.api.client.auth.oauth2.draft10.AccessTokenRequest$GrantType: com.google.api.client.auth.oauth2.draft10.AccessTokenRequest$GrantType valueOf(java.lang.String)