android/proguard/usage.txt
com.google.common.collect.MapMakerInternalMap$CleanupMapTask
com.google.common.collect.MapMakerInternalMap$EntryFactory
com.google.common.collect.MapMakerInternalMap$EntryFactory$1
com.google.common.collect.MapMakerInternalMap$EntryFactory$10
com.google.common.collect.MapMakerInternalMap$EntryFactory$11
com.google.common.collect.MapMakerInternalMap$EntryFactory$12
com.google.common.collect.MapMakerInternalMap$EntryFactory$2
com.google.common.collect.MapMakerInternalMap$EntryFactory$3
com.google.common.collect.MapMakerInternalMap$EntryFactory$4
com.google.common.collect.MapMakerInternalMap$EntryFactory$5
com.google.common.collect.MapMakerInternalMap$EntryFactory$6
com.google.common.collect.MapMakerInternalMap$EntryFactory$7
com.google.common.collect.MapMakerInternalMap$EntryFactory$8
com.google.common.collect.MapMakerInternalMap$EntryFactory$9
com.google.common.collect.MapMakerInternalMap$EntryIterator
com.google.common.collect.MapMakerInternalMap$EntrySet
com.google.common.collect.MapMakerInternalMap$EvictionQueue
com.google.common.collect.MapMakerInternalMap$EvictionQueue$1
com.google.common.collect.MapMakerInternalMap$EvictionQueue$2
com.google.common.collect.MapMakerInternalMap$ExpirationQueue
com.google.common.collect.MapMakerInternalMap$ExpirationQueue$1
com.google.common.collect.MapMakerInternalMap$ExpirationQueue$2
com.google.common.collect.MapMakerInternalMap$HashIterator
com.google.common.collect.MapMakerInternalMap$KeyIterator
com.google.common.collect.MapMakerInternalMap$KeySet
com.google.common.collect.MapMakerInternalMap$NullEntry
com.google.common.collect.MapMakerInternalMap$ReferenceEntry
com.google.common.collect.MapMakerInternalMap$Segment
com.google.common.collect.MapMakerInternalMap$SerializationProxy
com.google.common.collect.MapMakerInternalMap$SoftEntry
com.google.common.collect.MapMakerInternalMap$SoftEvictableEntry
com.google.common.collect.MapMakerInternalMap$SoftExpirableEntry
com.google.common.collect.MapMakerInternalMap$SoftExpirableEvictableEntry
com.google.common.collect.MapMakerInternalMap$SoftValueReference
com.google.common.collect.MapMakerInternalMap$Strength
com.google.common.collect.MapMakerInternalMap$Strength$1
com.google.common.collect.MapMakerInternalMap$Strength$2
com.google.common.collect.MapMakerInternalMap$Strength$3
com.google.common.collect.MapMakerInternalMap$StrongEntry
com.google.common.collect.MapMakerInternalMap$StrongEvictableEntry
com.google.common.collect.MapMakerInternalMap$StrongExpirableEntry
com.google.common.collect.MapMakerInternalMap$StrongExpirableEvictableEntry
com.google.common.collect.MapMakerInternalMap$StrongValueReference
com.google.common.collect.MapMakerInternalMap$ValueIterator
com.google.common.collect.MapMakerInternalMap$ValueReference
com.google.common.collect.MapMakerInternalMap$Values
com.google.common.collect.MapMakerInternalMap$WeakEntry
com.google.common.collect.MapMakerInternalMap$WeakEvictableEntry
com.google.common.collect.MapMakerInternalMap$WeakExpirableEntry
com.google.common.collect.MapMakerInternalMap$WeakExpirableEvictableEntry
com.google.common.collect.MapMakerInternalMap$WeakValueReference
com.google.common.collect.MapMakerInternalMap$WriteThroughEntry
com.google.common.collect.Maps
com.google.common.collect.Maps$1
com.google.common.collect.Maps$2
com.google.common.collect.Maps$3
com.google.common.collect.Maps$4
com.google.common.collect.Maps$5
com.google.common.collect.Maps$6
com.google.common.collect.Maps$7
com.google.common.collect.Maps$AbstractFilteredMap
com.google.common.collect.Maps$AbstractFilteredMap$Values
com.google.common.collect.Maps$AbstractFilteredMap$Values$1
com.google.common.collect.Maps$EntrySet
com.google.common.collect.Maps$EntryTransformer
com.google.common.collect.Maps$FilteredEntryMap
com.google.common.collect.Maps$FilteredEntryMap$EntrySet
com.google.common.collect.Maps$FilteredEntryMap$EntrySet$1
com.google.common.collect.Maps$FilteredEntryMap$EntrySet$1$1
com.google.common.collect.Maps$FilteredEntryMap$KeySet